{"C:\\Users\\Dan\\zemfyre-sensor\\postoffice\\src\\index.ts": {"path":"C:\\Users\\Dan\\zemfyre-sensor\\postoffice\\src\\index.ts","statementMap":{"0":{"start":{"line":1,"column":0},"end":{"line":1,"column":36}},"1":{"start":{"line":2,"column":0},"end":{"line":2,"column":36}},"2":{"start":{"line":12,"column":0},"end":{"line":12,"column":56}},"3":{"start":{"line":13,"column":0},"end":{"line":13,"column":41}},"4":{"start":{"line":14,"column":0},"end":{"line":14,"column":41}},"5":{"start":{"line":18,"column":53},"end":{"line":18,"column":62}},"6":{"start":{"line":19,"column":20},"end":{"line":19,"column":25}},"7":{"start":{"line":21,"column":52},"end":{"line":21,"column":54}},"8":{"start":{"line":24,"column":12},"end":{"line":24,"column":31}},"9":{"start":{"line":25,"column":12},"end":{"line":25,"column":26}},"10":{"start":{"line":26,"column":12},"end":{"line":26,"column":22}},"11":{"start":{"line":28,"column":4},"end":{"line":30,"column":6}},"12":{"start":{"line":33,"column":4},"end":{"line":33,"column":64}},"13":{"start":{"line":34,"column":4},"end":{"line":34,"column":68}},"14":{"start":{"line":37,"column":4},"end":{"line":39,"column":5}},"15":{"start":{"line":38,"column":6},"end":{"line":38,"column":18}},"16":{"start":{"line":43,"column":4},"end":{"line":47,"column":6}},"17":{"start":{"line":51,"column":4},"end":{"line":62,"column":5}},"18":{"start":{"line":52,"column":6},"end":{"line":58,"column":7}},"19":{"start":{"line":53,"column":8},"end":{"line":53,"column":30}},"20":{"start":{"line":54,"column":13},"end":{"line":58,"column":7}},"21":{"start":{"line":55,"column":8},"end":{"line":55,"column":35}},"22":{"start":{"line":56,"column":13},"end":{"line":58,"column":7}},"23":{"start":{"line":57,"column":8},"end":{"line":57,"column":29}},"24":{"start":{"line":60,"column":6},"end":{"line":60,"column":64}},"25":{"start":{"line":61,"column":6},"end":{"line":61,"column":27}},"26":{"start":{"line":66,"column":23},"end":{"line":66,"column":40}},"27":{"start":{"line":67,"column":4},"end":{"line":67,"column":83}},"28":{"start":{"line":68,"column":4},"end":{"line":71,"column":6}},"29":{"start":{"line":73,"column":4},"end":{"line":80,"column":5}},"30":{"start":{"line":74,"column":6},"end":{"line":74,"column":40}},"31":{"start":{"line":75,"column":6},"end":{"line":75,"column":51}},"32":{"start":{"line":76,"column":6},"end":{"line":76,"column":26}},"33":{"start":{"line":78,"column":6},"end":{"line":78,"column":70}},"34":{"start":{"line":79,"column":6},"end":{"line":79,"column":27}},"35":{"start":{"line":84,"column":4},"end":{"line":84,"column":95}},"36":{"start":{"line":85,"column":4},"end":{"line":85,"column":33}},"37":{"start":{"line":86,"column":4},"end":{"line":86,"column":62}},"38":{"start":{"line":87,"column":4},"end":{"line":87,"column":24}},"39":{"start":{"line":91,"column":4},"end":{"line":124,"column":5}},"40":{"start":{"line":92,"column":22},"end":{"line":92,"column":57}},"41":{"start":{"line":93,"column":34},"end":{"line":93,"column":83}},"42":{"start":{"line":95,"column":24},"end":{"line":95,"column":40}},"43":{"start":{"line":96,"column":18},"end":{"line":100,"column":8}},"44":{"start":{"line":102,"column":27},"end":{"line":102,"column":58}},"45":{"start":{"line":103,"column":6},"end":{"line":108,"column":7}},"46":{"start":{"line":104,"column":8},"end":{"line":107,"column":10}},"47":{"start":{"line":110,"column":6},"end":{"line":112,"column":30}},"48":{"start":{"line":114,"column":6},"end":{"line":116,"column":8}},"49":{"start":{"line":118,"column":6},"end":{"line":118,"column":40}},"50":{"start":{"line":119,"column":6},"end":{"line":119,"column":47}},"51":{"start":{"line":120,"column":6},"end":{"line":120,"column":26}},"52":{"start":{"line":122,"column":6},"end":{"line":122,"column":69}},"53":{"start":{"line":123,"column":6},"end":{"line":123,"column":27}},"54":{"start":{"line":128,"column":4},"end":{"line":132,"column":7}},"55":{"start":{"line":136,"column":4},"end":{"line":136,"column":44}},"56":{"start":{"line":140,"column":21},"end":{"line":140,"column":51}},"57":{"start":{"line":141,"column":4},"end":{"line":143,"column":5}},"58":{"start":{"line":142,"column":6},"end":{"line":142,"column":62}},"59":{"start":{"line":145,"column":28},"end":{"line":149,"column":6}},"60":{"start":{"line":152,"column":4},"end":{"line":152,"column":65}},"61":{"start":{"line":155,"column":4},"end":{"line":157,"column":5}},"62":{"start":{"line":156,"column":6},"end":{"line":156,"column":72}},"63":{"start":{"line":160,"column":4},"end":{"line":162,"column":5}},"64":{"start":{"line":161,"column":6},"end":{"line":161,"column":70}},"65":{"start":{"line":165,"column":4},"end":{"line":169,"column":5}},"66":{"start":{"line":166,"column":6},"end":{"line":166,"column":75}},"67":{"start":{"line":168,"column":6},"end":{"line":168,"column":33}},"68":{"start":{"line":171,"column":30},"end":{"line":174,"column":6}},"69":{"start":{"line":176,"column":30},"end":{"line":181,"column":6}},"70":{"start":{"line":183,"column":4},"end":{"line":191,"column":5}},"71":{"start":{"line":184,"column":6},"end":{"line":190,"column":38}},"72":{"start":{"line":193,"column":4},"end":{"line":199,"column":5}},"73":{"start":{"line":194,"column":6},"end":{"line":198,"column":7}},"74":{"start":{"line":195,"column":8},"end":{"line":195,"column":48}},"75":{"start":{"line":197,"column":8},"end":{"line":197,"column":59}},"76":{"start":{"line":203,"column":4},"end":{"line":203,"column":24}},"77":{"start":{"line":207,"column":4},"end":{"line":209,"column":5}},"78":{"start":{"line":208,"column":6},"end":{"line":208,"column":19}},"79":{"start":{"line":210,"column":4},"end":{"line":210,"column":52}},"80":{"start":{"line":214,"column":4},"end":{"line":216,"column":5}},"81":{"start":{"line":215,"column":6},"end":{"line":215,"column":33}},"82":{"start":{"line":16,"column":0},"end":{"line":16,"column":13}}},"fnMap":{"0":{"name":"(anonymous_10)","decl":{"start":{"line":23,"column":2},"end":{"line":23,"column":null}},"loc":{"start":{"line":26,"column":40},"end":{"line":40,"column":3}}},"1":{"name":"(anonymous_11)","decl":{"start":{"line":42,"column":10},"end":{"line":42,"column":22}},"loc":{"start":{"line":42,"column":22},"end":{"line":48,"column":3}}},"2":{"name":"(anonymous_12)","decl":{"start":{"line":50,"column":10},"end":{"line":50,"column":15}},"loc":{"start":{"line":50,"column":20},"end":{"line":63,"column":3}}},"3":{"name":"(anonymous_13)","decl":{"start":{"line":65,"column":10},"end":{"line":65,"column":15}},"loc":{"start":{"line":65,"column":24},"end":{"line":81,"column":3}}},"4":{"name":"(anonymous_14)","decl":{"start":{"line":83,"column":10},"end":{"line":83,"column":15}},"loc":{"start":{"line":83,"column":29},"end":{"line":88,"column":3}}},"5":{"name":"(anonymous_15)","decl":{"start":{"line":90,"column":10},"end":{"line":90,"column":15}},"loc":{"start":{"line":90,"column":23},"end":{"line":125,"column":3}}},"6":{"name":"(anonymous_16)","decl":{"start":{"line":92,"column":22},"end":{"line":92,"column":35}},"loc":{"start":{"line":92,"column":22},"end":{"line":92,"column":57}}},"7":{"name":"(anonymous_17)","decl":{"start":{"line":93,"column":34},"end":{"line":93,"column":47}},"loc":{"start":{"line":93,"column":34},"end":{"line":93,"column":83}}},"8":{"name":"(anonymous_18)","decl":{"start":{"line":127,"column":9},"end":{"line":127,"column":25}},"loc":{"start":{"line":127,"column":71},"end":{"line":133,"column":3}}},"9":{"name":"(anonymous_19)","decl":{"start":{"line":135,"column":10},"end":{"line":135,"column":21}},"loc":{"start":{"line":135,"column":42},"end":{"line":137,"column":3}}},"10":{"name":"(anonymous_20)","decl":{"start":{"line":139,"column":9},"end":{"line":139,"column":14}},"loc":{"start":{"line":139,"column":71},"end":{"line":200,"column":3}}},"11":{"name":"(anonymous_21)","decl":{"start":{"line":202,"column":9},"end":{"line":202,"column":18}},"loc":{"start":{"line":202,"column":18},"end":{"line":204,"column":3}}},"12":{"name":"(anonymous_22)","decl":{"start":{"line":206,"column":9},"end":{"line":206,"column":20}},"loc":{"start":{"line":206,"column":36},"end":{"line":211,"column":3}}},"13":{"name":"(anonymous_23)","decl":{"start":{"line":213,"column":9},"end":{"line":213,"column":14}},"loc":{"start":{"line":213,"column":20},"end":{"line":217,"column":3}}}},"branchMap":{"0":{"loc":{"start":{"line":26,"column":12},"end":{"line":26,"column":40}},"type":"default-arg","locations":[{"start":{"line":26,"column":22},"end":{"line":26,"column":40}}]},"1":{"loc":{"start":{"line":29,"column":12},"end":{"line":29,"column":73}},"type":"binary-expr","locations":[{"start":{"line":29,"column":12},"end":{"line":29,"column":23}},{"start":{"line":29,"column":27},"end":{"line":29,"column":73}}]},"2":{"loc":{"start":{"line":37,"column":4},"end":{"line":39,"column":5}},"type":"if","locations":[{"start":{"line":37,"column":4},"end":{"line":39,"column":5}},{"start":{},"end":{}}]},"3":{"loc":{"start":{"line":43,"column":11},"end":{"line":46,"column":null}},"type":"binary-expr","locations":[{"start":{"line":43,"column":11},"end":{"line":43,"column":30}},{"start":{"line":44,"column":6},"end":{"line":44,"column":24}},{"start":{"line":45,"column":6},"end":{"line":45,"column":29}},{"start":{"line":46,"column":6},"end":{"line":46,"column":23}}]},"4":{"loc":{"start":{"line":52,"column":6},"end":{"line":58,"column":7}},"type":"if","locations":[{"start":{"line":52,"column":6},"end":{"line":58,"column":7}},{"start":{"line":54,"column":13},"end":{"line":58,"column":7}}]},"5":{"loc":{"start":{"line":54,"column":13},"end":{"line":58,"column":7}},"type":"if","locations":[{"start":{"line":54,"column":13},"end":{"line":58,"column":7}},{"start":{"line":56,"column":13},"end":{"line":58,"column":7}}]},"6":{"loc":{"start":{"line":56,"column":13},"end":{"line":58,"column":7}},"type":"if","locations":[{"start":{"line":56,"column":13},"end":{"line":58,"column":7}},{"start":{},"end":{}}]},"7":{"loc":{"start":{"line":103,"column":6},"end":{"line":108,"column":7}},"type":"if","locations":[{"start":{"line":103,"column":6},"end":{"line":108,"column":7}},{"start":{},"end":{}}]},"8":{"loc":{"start":{"line":106,"column":19},"end":{"line":106,"column":59}},"type":"binary-expr","locations":[{"start":{"line":106,"column":19},"end":{"line":106,"column":36}},{"start":{"line":106,"column":40},"end":{"line":106,"column":59}}]},"9":{"loc":{"start":{"line":139,"column":54},"end":{"line":139,"column":71}},"type":"default-arg","locations":[{"start":{"line":139,"column":69},"end":{"line":139,"column":71}}]},"10":{"loc":{"start":{"line":141,"column":4},"end":{"line":143,"column":5}},"type":"if","locations":[{"start":{"line":141,"column":4},"end":{"line":143,"column":5}},{"start":{},"end":{}}]},"11":{"loc":{"start":{"line":152,"column":44},"end":{"line":152,"column":63}},"type":"binary-expr","locations":[{"start":{"line":152,"column":44},"end":{"line":152,"column":53}},{"start":{"line":152,"column":57},"end":{"line":152,"column":63}}]},"12":{"loc":{"start":{"line":155,"column":4},"end":{"line":157,"column":5}},"type":"if","locations":[{"start":{"line":155,"column":4},"end":{"line":157,"column":5}},{"start":{},"end":{}}]},"13":{"loc":{"start":{"line":160,"column":4},"end":{"line":162,"column":5}},"type":"if","locations":[{"start":{"line":160,"column":4},"end":{"line":162,"column":5}},{"start":{},"end":{}}]},"14":{"loc":{"start":{"line":165,"column":4},"end":{"line":169,"column":5}},"type":"if","locations":[{"start":{"line":165,"column":4},"end":{"line":169,"column":5}},{"start":{"line":167,"column":11},"end":{"line":169,"column":5}}]},"15":{"loc":{"start":{"line":165,"column":8},"end":{"line":165,"column":76}},"type":"binary-expr","locations":[{"start":{"line":165,"column":8},"end":{"line":165,"column":42}},{"start":{"line":165,"column":46},"end":{"line":165,"column":76}}]},"16":{"loc":{"start":{"line":183,"column":4},"end":{"line":191,"column":5}},"type":"if","locations":[{"start":{"line":183,"column":4},"end":{"line":191,"column":5}},{"start":{},"end":{}}]},"17":{"loc":{"start":{"line":193,"column":4},"end":{"line":199,"column":5}},"type":"if","locations":[{"start":{"line":193,"column":4},"end":{"line":199,"column":5}},{"start":{},"end":{}}]},"18":{"loc":{"start":{"line":193,"column":8},"end":{"line":193,"column":42}},"type":"binary-expr","locations":[{"start":{"line":193,"column":8},"end":{"line":193,"column":20}},{"start":{"line":193,"column":24},"end":{"line":193,"column":42}}]},"19":{"loc":{"start":{"line":206,"column":21},"end":{"line":206,"column":36}},"type":"default-arg","locations":[{"start":{"line":206,"column":31},"end":{"line":206,"column":36}}]},"20":{"loc":{"start":{"line":207,"column":4},"end":{"line":209,"column":5}},"type":"if","locations":[{"start":{"line":207,"column":4},"end":{"line":209,"column":5}},{"start":{},"end":{}}]},"21":{"loc":{"start":{"line":210,"column":11},"end":{"line":210,"column":51}},"type":"cond-expr","locations":[{"start":{"line":210,"column":21},"end":{"line":210,"column":44}},{"start":{"line":210,"column":47},"end":{"line":210,"column":51}}]},"22":{"loc":{"start":{"line":214,"column":4},"end":{"line":216,"column":5}},"type":"if","locations":[{"start":{"line":214,"column":4},"end":{"line":216,"column":5}},{"start":{},"end":{}}]}},"s":{"0":1,"1":1,"2":1,"3":1,"4":1,"5":33,"6":33,"7":33,"8":33,"9":33,"10":33,"11":33,"12":33,"13":33,"14":33,"15":6,"16":33,"17":6,"18":6,"19":2,"20":4,"21":2,"22":2,"23":2,"24":0,"25":0,"26":2,"27":2,"28":2,"29":2,"30":2,"31":0,"32":0,"33":2,"34":2,"35":2,"36":2,"37":2,"38":2,"39":2,"40":4,"41":4,"42":2,"43":2,"44":2,"45":2,"46":1,"47":2,"48":2,"49":2,"50":0,"51":0,"52":2,"53":2,"54":83,"55":16,"56":16,"57":16,"58":1,"59":15,"60":15,"61":15,"62":2,"63":15,"64":2,"65":15,"66":1,"67":14,"68":15,"69":15,"70":15,"71":13,"72":15,"73":0,"74":0,"75":0,"76":3,"77":4,"78":2,"79":2,"80":2,"81":0,"82":1},"f":{"0":33,"1":33,"2":6,"3":2,"4":2,"5":2,"6":2,"7":2,"8":83,"9":16,"10":16,"11":3,"12":4,"13":2},"b":{"0":[0],"1":[33,1],"2":[6,27],"3":[33,7,5,3],"4":[2,4],"5":[2,2],"6":[2,0],"7":[1,1],"8":[1,0],"9":[0],"10":[1,15],"11":[15,1],"12":[2,13],"13":[2,13],"14":[1,14],"15":[15,2],"16":[13,2],"17":[0,15],"18":[15,0],"19":[1],"20":[2,2],"21":[1,1],"22":[0,2]}}
,"C:\\Users\\Dan\\zemfyre-sensor\\postoffice\\src\\layout.ts": {"path":"C:\\Users\\Dan\\zemfyre-sensor\\postoffice\\src\\layout.ts","statementMap":{"0":{"start":{"line":1,"column":0},"end":{"line":1,"column":16}},"1":{"start":{"line":2,"column":2},"end":{"line":123,"column":2}}},"fnMap":{"0":{"name":"defaultLayout","decl":{"start":{"line":1,"column":16},"end":{"line":1,"column":29}},"loc":{"start":{"line":1,"column":49},"end":{"line":124,"column":1}}}},"branchMap":{},"s":{"0":1,"1":15},"f":{"0":15},"b":{}}
,"C:\\Users\\Dan\\zemfyre-sensor\\postoffice\\src\\sanitizer.ts": {"path":"C:\\Users\\Dan\\zemfyre-sensor\\postoffice\\src\\sanitizer.ts","statementMap":{"0":{"start":{"line":8,"column":0},"end":{"line":8,"column":16}},"1":{"start":{"line":23,"column":0},"end":{"line":23,"column":16}},"2":{"start":{"line":9,"column":2},"end":{"line":16,"column":4}},"3":{"start":{"line":24,"column":18},"end":{"line":39,"column":3}},"4":{"start":{"line":25,"column":4},"end":{"line":25,"column":23}},"5":{"start":{"line":25,"column":13},"end":{"line":25,"column":23}},"6":{"start":{"line":26,"column":4},"end":{"line":38,"column":5}},"7":{"start":{"line":27,"column":22},"end":{"line":27,"column":24}},"8":{"start":{"line":29,"column":6},"end":{"line":31,"column":7}},"9":{"start":{"line":30,"column":8},"end":{"line":30,"column":31}},"10":{"start":{"line":32,"column":17},"end":{"line":32,"column":36}},"11":{"start":{"line":33,"column":16},"end":{"line":33,"column":67}},"12":{"start":{"line":34,"column":6},"end":{"line":34,"column":45}},"13":{"start":{"line":35,"column":6},"end":{"line":35,"column":17}},"14":{"start":{"line":37,"column":6},"end":{"line":37,"column":16}},"15":{"start":{"line":41,"column":21},"end":{"line":42,"column":81}},"16":{"start":{"line":42,"column":4},"end":{"line":42,"column":81}},"17":{"start":{"line":44,"column":2},"end":{"line":55,"column":4}},"18":{"start":{"line":45,"column":28},"end":{"line":49,"column":6}},"19":{"start":{"line":50,"column":28},"end":{"line":54,"column":6}}},"fnMap":{"0":{"name":"sanitizeText","decl":{"start":{"line":8,"column":16},"end":{"line":8,"column":28}},"loc":{"start":{"line":8,"column":42},"end":{"line":17,"column":1}}},"1":{"name":"sanitizeLog","decl":{"start":{"line":23,"column":16},"end":{"line":23,"column":27}},"loc":{"start":{"line":23,"column":43},"end":{"line":56,"column":1}}},"2":{"name":"(anonymous_2)","decl":{"start":{"line":24,"column":18},"end":{"line":24,"column":19}},"loc":{"start":{"line":24,"column":41},"end":{"line":39,"column":3}}},"3":{"name":"(anonymous_3)","decl":{"start":{"line":41,"column":21},"end":{"line":41,"column":22}},"loc":{"start":{"line":42,"column":4},"end":{"line":42,"column":81}}},"4":{"name":"(anonymous_4)","decl":{"start":{"line":45,"column":18},"end":{"line":45,"column":23}},"loc":{"start":{"line":45,"column":28},"end":{"line":49,"column":6}}},"5":{"name":"(anonymous_5)","decl":{"start":{"line":50,"column":18},"end":{"line":50,"column":23}},"loc":{"start":{"line":50,"column":28},"end":{"line":54,"column":6}}}},"branchMap":{"0":{"loc":{"start":{"line":25,"column":4},"end":{"line":25,"column":23}},"type":"if","locations":[{"start":{"line":25,"column":4},"end":{"line":25,"column":23}},{"start":{},"end":{}}]},"1":{"loc":{"start":{"line":29,"column":6},"end":{"line":31,"column":7}},"type":"if","locations":[{"start":{"line":29,"column":6},"end":{"line":31,"column":7}},{"start":{},"end":{}}]},"2":{"loc":{"start":{"line":46,"column":17},"end":{"line":46,"column":51}},"type":"cond-expr","locations":[{"start":{"line":46,"column":28},"end":{"line":46,"column":46}},{"start":{"line":46,"column":49},"end":{"line":46,"column":51}}]},"3":{"loc":{"start":{"line":47,"column":13},"end":{"line":47,"column":30}},"type":"binary-expr","locations":[{"start":{"line":47,"column":13},"end":{"line":47,"column":24}},{"start":{"line":47,"column":28},"end":{"line":47,"column":30}}]},"4":{"loc":{"start":{"line":48,"column":15},"end":{"line":48,"column":30}},"type":"binary-expr","locations":[{"start":{"line":48,"column":15},"end":{"line":48,"column":24}},{"start":{"line":48,"column":28},"end":{"line":48,"column":30}}]},"5":{"loc":{"start":{"line":51,"column":17},"end":{"line":51,"column":51}},"type":"cond-expr","locations":[{"start":{"line":51,"column":28},"end":{"line":51,"column":46}},{"start":{"line":51,"column":49},"end":{"line":51,"column":51}}]},"6":{"loc":{"start":{"line":52,"column":24},"end":{"line":52,"column":41}},"type":"binary-expr","locations":[{"start":{"line":52,"column":24},"end":{"line":52,"column":35}},{"start":{"line":52,"column":39},"end":{"line":52,"column":41}}]},"7":{"loc":{"start":{"line":53,"column":26},"end":{"line":53,"column":41}},"type":"binary-expr","locations":[{"start":{"line":53,"column":26},"end":{"line":53,"column":35}},{"start":{"line":53,"column":39},"end":{"line":53,"column":41}}]}},"s":{"0":1,"1":1,"2":19,"3":1,"4":4,"5":0,"6":4,"7":4,"8":4,"9":0,"10":4,"11":4,"12":4,"13":4,"14":0,"15":1,"16":4,"17":1,"18":2,"19":2},"f":{"0":19,"1":1,"2":4,"3":4,"4":2,"5":2},"b":{"0":[0,4],"1":[0,4],"2":[2,0],"3":[2,0],"4":[2,0],"5":[2,0],"6":[2,0],"7":[2,0]}}
,"C:\\Users\\Dan\\zemfyre-sensor\\postoffice\\src\\templates\\index.ts": {"path":"C:\\Users\\Dan\\zemfyre-sensor\\postoffice\\src\\templates\\index.ts","statementMap":{"0":{"start":{"line":3,"column":13},"end":{"line":21,"column":2}},"1":{"start":{"line":23,"column":13},"end":{"line":35,"column":2}}},"fnMap":{},"branchMap":{},"s":{"0":1,"1":1},"f":{},"b":{}}
}
