TN:
SF:src\index.ts
FN:23,(anonymous_10)
FN:42,(anonymous_11)
FN:50,(anonymous_12)
FN:65,(anonymous_13)
FN:83,(anonymous_14)
FN:90,(anonymous_15)
FN:92,(anonymous_16)
FN:93,(anonymous_17)
FN:127,(anonymous_18)
FN:135,(anonymous_19)
FN:139,(anonymous_20)
FN:202,(anonymous_21)
FN:206,(anonymous_22)
FN:213,(anonymous_23)
FNF:14
FNH:14
FNDA:33,(anonymous_10)
FNDA:33,(anonymous_11)
FNDA:6,(anonymous_12)
FNDA:2,(anonymous_13)
FNDA:2,(anonymous_14)
FNDA:2,(anonymous_15)
FNDA:2,(anonymous_16)
FNDA:2,(anonymous_17)
FNDA:83,(anonymous_18)
FNDA:16,(anonymous_19)
FNDA:16,(anonymous_20)
FNDA:3,(anonymous_21)
FNDA:4,(anonymous_22)
FNDA:2,(anonymous_23)
DA:1,1
DA:2,1
DA:12,1
DA:13,1
DA:14,1
DA:16,1
DA:18,33
DA:19,33
DA:21,33
DA:24,33
DA:25,33
DA:26,33
DA:28,33
DA:33,33
DA:34,33
DA:37,33
DA:38,6
DA:43,33
DA:51,6
DA:52,6
DA:53,2
DA:54,4
DA:55,2
DA:56,2
DA:57,2
DA:60,0
DA:61,0
DA:66,2
DA:67,2
DA:68,2
DA:73,2
DA:74,2
DA:75,0
DA:76,0
DA:78,2
DA:79,2
DA:84,2
DA:85,2
DA:86,2
DA:87,2
DA:91,2
DA:92,4
DA:93,4
DA:95,2
DA:96,2
DA:102,2
DA:103,2
DA:104,1
DA:110,2
DA:114,2
DA:118,2
DA:119,0
DA:120,0
DA:122,2
DA:123,2
DA:128,83
DA:136,16
DA:140,16
DA:141,16
DA:142,1
DA:145,15
DA:152,15
DA:155,15
DA:156,2
DA:160,15
DA:161,2
DA:165,15
DA:166,1
DA:168,14
DA:171,15
DA:176,15
DA:183,15
DA:184,13
DA:193,15
DA:194,0
DA:195,0
DA:197,0
DA:203,3
DA:207,4
DA:208,2
DA:210,2
DA:214,2
DA:215,0
LF:83
LH:73
BRDA:26,0,0,0
BRDA:29,1,0,33
BRDA:29,1,1,1
BRDA:37,2,0,6
BRDA:37,2,1,27
BRDA:43,3,0,33
BRDA:43,3,1,7
BRDA:43,3,2,5
BRDA:43,3,3,3
BRDA:52,4,0,2
BRDA:52,4,1,4
BRDA:54,5,0,2
BRDA:54,5,1,2
BRDA:56,6,0,2
BRDA:56,6,1,0
BRDA:103,7,0,1
BRDA:103,7,1,1
BRDA:106,8,0,1
BRDA:106,8,1,0
BRDA:139,9,0,0
BRDA:141,10,0,1
BRDA:141,10,1,15
BRDA:152,11,0,15
BRDA:152,11,1,1
BRDA:155,12,0,2
BRDA:155,12,1,13
BRDA:160,13,0,2
BRDA:160,13,1,13
BRDA:165,14,0,1
BRDA:165,14,1,14
BRDA:165,15,0,15
BRDA:165,15,1,2
BRDA:183,16,0,13
BRDA:183,16,1,2
BRDA:193,17,0,0
BRDA:193,17,1,15
BRDA:193,18,0,15
BRDA:193,18,1,0
BRDA:206,19,0,1
BRDA:207,20,0,2
BRDA:207,20,1,2
BRDA:210,21,0,1
BRDA:210,21,1,1
BRDA:214,22,0,0
BRDA:214,22,1,2
BRF:45
BRH:38
end_of_record
TN:
SF:src\layout.ts
FN:1,defaultLayout
FNF:1
FNH:1
FNDA:15,defaultLayout
DA:1,1
DA:2,15
LF:2
LH:2
BRF:0
BRH:0
end_of_record
TN:
SF:src\sanitizer.ts
FN:8,sanitizeText
FN:23,sanitizeLog
FN:24,(anonymous_2)
FN:41,(anonymous_3)
FN:45,(anonymous_4)
FN:50,(anonymous_5)
FNF:6
FNH:6
FNDA:19,sanitizeText
FNDA:1,sanitizeLog
FNDA:4,(anonymous_2)
FNDA:4,(anonymous_3)
FNDA:2,(anonymous_4)
FNDA:2,(anonymous_5)
DA:8,1
DA:9,19
DA:23,1
DA:24,1
DA:25,4
DA:26,4
DA:27,4
DA:29,4
DA:30,0
DA:32,4
DA:33,4
DA:34,4
DA:35,4
DA:37,0
DA:41,1
DA:42,4
DA:44,1
DA:45,2
DA:50,2
LF:19
LH:17
BRDA:25,0,0,0
BRDA:25,0,1,4
BRDA:29,1,0,0
BRDA:29,1,1,4
BRDA:46,2,0,2
BRDA:46,2,1,0
BRDA:47,3,0,2
BRDA:47,3,1,0
BRDA:48,4,0,2
BRDA:48,4,1,0
BRDA:51,5,0,2
BRDA:51,5,1,0
BRDA:52,6,0,2
BRDA:52,6,1,0
BRDA:53,7,0,2
BRDA:53,7,1,0
BRF:16
BRH:8
end_of_record
TN:
SF:src\templates\index.ts
FNF:0
FNH:0
DA:3,1
DA:23,1
LF:2
LH:2
BRF:0
BRH:0
end_of_record
