TN:
SF:src\db.ts
FN:6,initializeDatabase
FN:20,(anonymous_2)
FN:28,getPool
FN:35,query
FN:59,testConnection
FN:70,closeDatabase
FNF:6
FNH:0
FNDA:0,initializeDatabase
FNDA:0,(anonymous_2)
FNDA:0,getPool
FNDA:0,query
FNDA:0,testConnection
FNDA:0,closeDatabase
DA:1,2
DA:2,2
DA:4,2
DA:6,2
DA:7,0
DA:18,0
DA:20,0
DA:21,0
DA:24,0
DA:25,0
DA:28,2
DA:29,0
DA:30,0
DA:32,0
DA:35,2
DA:36,0
DA:37,0
DA:39,0
DA:40,0
DA:41,0
DA:43,0
DA:49,0
DA:51,0
DA:55,0
DA:59,2
DA:60,0
DA:61,0
DA:62,0
DA:63,0
DA:65,0
DA:66,0
DA:70,2
DA:71,0
DA:72,0
DA:73,0
DA:74,0
LF:36
LH:8
BRDA:8,0,0,0
BRDA:8,0,1,0
BRDA:9,1,0,0
BRDA:9,1,1,0
BRDA:10,2,0,0
BRDA:10,2,1,0
BRDA:11,3,0,0
BRDA:11,3,1,0
BRDA:12,4,0,0
BRDA:12,4,1,0
BRDA:29,5,0,0
BRDA:71,6,0,0
BRF:12
BRH:0
end_of_record
TN:
SF:src\logger.ts
FNF:0
FNH:0
DA:1,7
DA:3,7
DA:20,7
LF:3
LH:3
BRDA:4,0,0,7
BRDA:4,0,1,7
BRF:2
BRH:2
end_of_record
TN:
SF:src\peer-manager.ts
FN:37,(anonymous_1)
FN:41,(anonymous_2)
FN:92,(anonymous_3)
FN:97,(anonymous_4)
FN:112,(anonymous_5)
FN:136,(anonymous_6)
FN:171,(anonymous_7)
FN:190,(anonymous_8)
FN:195,(anonymous_9)
FN:215,(anonymous_10)
FN:224,(anonymous_11)
FN:241,(anonymous_12)
FNF:12
FNH:11
FNDA:10,(anonymous_1)
FNDA:3,(anonymous_2)
FNDA:6,(anonymous_3)
FNDA:1,(anonymous_4)
FNDA:2,(anonymous_5)
FNDA:0,(anonymous_6)
FNDA:2,(anonymous_7)
FNDA:1,(anonymous_8)
FNDA:3,(anonymous_9)
FNDA:1,(anonymous_10)
FNDA:2,(anonymous_11)
FNDA:8,(anonymous_12)
DA:1,2
DA:2,2
DA:4,2
DA:5,2
DA:34,2
DA:38,10
DA:42,3
DA:44,3
DA:45,3
DA:48,3
DA:50,2
DA:53,2
DA:74,2
DA:77,2
DA:84,2
DA:85,2
DA:87,1
DA:88,1
DA:93,6
DA:94,6
DA:98,1
DA:99,1
DA:101,1
DA:102,0
DA:103,0
DA:106,1
DA:108,1
DA:109,1
DA:113,2
DA:114,2
DA:115,2
DA:116,1
DA:120,1
DA:123,1
DA:126,1
DA:128,1
DA:129,1
DA:131,0
DA:132,0
DA:137,0
DA:138,0
DA:139,0
DA:141,0
DA:142,0
DA:143,0
DA:146,0
DA:147,0
DA:148,0
DA:151,0
DA:152,0
DA:153,0
DA:156,0
DA:157,0
DA:160,0
DA:161,0
DA:163,0
DA:168,0
DA:172,2
DA:173,2
DA:174,0
DA:177,2
DA:179,2
DA:191,1
DA:192,1
DA:196,3
DA:208,3
DA:209,1
DA:212,2
DA:216,1
DA:225,2
DA:226,2
DA:227,0
DA:230,2
DA:231,2
DA:242,8
LF:75
LH:51
BRDA:94,0,0,4
BRDA:94,0,1,2
BRDA:101,1,0,0
BRDA:115,2,0,1
BRDA:141,3,0,0
BRDA:146,4,0,0
BRDA:151,5,0,0
BRDA:156,6,0,0
BRDA:168,7,0,0
BRDA:168,7,1,0
BRDA:173,8,0,0
BRDA:208,9,0,1
BRDA:226,10,0,0
BRF:13
BRH:4
end_of_record
TN:
SF:src\wireguard.ts
FN:23,(anonymous_1)
FN:27,(anonymous_2)
FN:42,(anonymous_3)
FN:52,(anonymous_4)
FN:73,(anonymous_5)
FN:83,(anonymous_6)
FN:93,(anonymous_7)
FN:103,(anonymous_8)
FN:112,(anonymous_9)
FNF:9
FNH:8
FNDA:12,(anonymous_1)
FNDA:2,(anonymous_2)
FNDA:1,(anonymous_3)
FNDA:2,(anonymous_4)
FNDA:1,(anonymous_5)
FNDA:0,(anonymous_6)
FNDA:1,(anonymous_7)
FNDA:2,(anonymous_8)
FNDA:3,(anonymous_9)
DA:1,3
DA:2,3
DA:3,3
DA:5,3
DA:20,3
DA:24,12
DA:28,2
DA:29,2
DA:30,1
DA:32,1
DA:37,1
DA:38,1
DA:43,1
DA:44,1
DA:45,1
DA:47,0
DA:48,0
DA:53,2
DA:54,2
DA:55,2
DA:57,2
DA:58,1
DA:61,2
DA:62,1
DA:65,2
DA:66,2
DA:68,0
DA:69,0
DA:74,1
DA:75,1
DA:76,1
DA:78,0
DA:79,0
DA:84,0
DA:85,0
DA:86,0
DA:88,0
DA:89,0
DA:94,1
DA:95,1
DA:96,1
DA:98,0
DA:99,0
DA:104,2
DA:105,2
DA:106,1
DA:108,1
DA:121,3
DA:133,3
LF:49
LH:36
BRDA:23,0,0,0
BRDA:57,1,0,1
BRDA:61,2,0,1
BRDA:83,3,0,0
BRDA:117,4,0,2
BRDA:124,5,0,1
BRDA:124,5,1,2
BRDA:130,6,0,1
BRDA:130,6,1,2
BRF:9
BRH:7
end_of_record
